es/yy/PutThunderQq/proguard/seeds.txt
com.baidu.tts.loopj.AsyncHttpClient$4
com.baidu.tts.loopj.AsyncHttpClient$4: java.util.List val$requestList
com.baidu.tts.loopj.AsyncHttpClient$4: boolean val$mayInterruptIfRunning
com.baidu.tts.loopj.AsyncHttpClient$4: com.baidu.tts.loopj.AsyncHttpClient this$0
com.baidu.tts.loopj.AsyncHttpClient$4: AsyncHttpClient$4(com.baidu.tts.loopj.AsyncHttpClient,java.util.List,boolean)
com.baidu.tts.loopj.AsyncHttpClient$4: void run()
com.baidu.tts.loopj.AsyncHttpClient$InflatingEntity
com.baidu.tts.loopj.AsyncHttpClient$InflatingEntity: java.io.InputStream wrappedStream
com.baidu.tts.loopj.AsyncHttpClient$InflatingEntity: java.io.PushbackInputStream pushbackStream
com.baidu.tts.loopj.AsyncHttpClient$InflatingEntity: java.util.zip.GZIPInputStream gzippedStream
com.baidu.tts.loopj.AsyncHttpClient$InflatingEntity: AsyncHttpClient$InflatingEntity(org.apache.http.HttpEntity)
com.baidu.tts.loopj.AsyncHttpClient$InflatingEntity: java.io.InputStream getContent()
com.baidu.tts.loopj.AsyncHttpClient$InflatingEntity: long getContentLength()
com.baidu.tts.loopj.AsyncHttpClient$InflatingEntity: void consumeContent()
com.baidu.tts.loopj.AsyncHttpRequest
com.baidu.tts.loopj.AsyncHttpRequest: org.apache.http.impl.client.AbstractHttpClient client
com.baidu.tts.loopj.AsyncHttpRequest: org.apache.http.protocol.HttpContext context
com.baidu.tts.loopj.AsyncHttpRequest: org.apache.http.client.methods.HttpUriRequest request
com.baidu.tts.loopj.AsyncHttpRequest: com.baidu.tts.loopj.ResponseHandlerInterface responseHandler
com.baidu.tts.loopj.AsyncHttpRequest: int executionCount
com.baidu.tts.loopj.AsyncHttpRequest: java.util.concurrent.atomic.AtomicBoolean isCancelled
com.baidu.tts.loopj.AsyncHttpRequest: boolean cancelIsNotified
com.baidu.tts.loopj.AsyncHttpRequest: boolean isFinished
com.baidu.tts.loopj.AsyncHttpRequest: boolean isRequestPreProcessed
com.baidu.tts.loopj.AsyncHttpRequest: AsyncHttpRequest(org.apache.http.impl.client.AbstractHttpClient,org.apache.http.protocol.HttpContext,org.apache.http.client.methods.HttpUriRequest,com.baidu.tts.loopj.ResponseHandlerInterface)
com.baidu.tts.loopj.AsyncHttpRequest: void onPreProcessRequest(com.baidu.tts.loopj.AsyncHttpRequest)
com.baidu.tts.loopj.AsyncHttpRequest: void onPostProcessRequest(com.baidu.tts.loopj.AsyncHttpRequest)
com.baidu.tts.loopj.AsyncHttpRequest: void run()
com.baidu.tts.loopj.AsyncHttpRequest: void makeRequest()
com.baidu.tts.loopj.AsyncHttpRequest: void makeRequestWithRetries()
com.baidu.tts.loopj.AsyncHttpRequest: boolean isCancelled()
com.baidu.tts.loopj.AsyncHttpRequest: void sendCancelNotification()