es/yy/PutThunderQq/proguard/mapping.txt
com.example.h3.MainActivity$12 -> com.example.h3.q:
    com.example.h3.MainActivity this$0 -> a
    void <init>(com.example.h3.MainActivity) -> <init>
    void afterTextChanged(android.text.Editable) -> afterTextChanged
    void beforeTextChanged(java.lang.CharSequence,int,int,int) -> beforeTextChanged
    void onTextChanged(java.lang.CharSequence,int,int,int) -> onTextChanged
com.example.h3.MainActivity$13 -> com.example.h3.r:
    com.example.h3.MainActivity this$0 -> a
    void <init>(com.example.h3.MainActivity) -> <init>
    void onCheckedChanged(android.widget.RadioGroup,int) -> onCheckedChanged
com.example.h3.MainActivity$14 -> com.example.h3.s:
    com.example.h3.MainActivity this$0 -> a
    void <init>(com.example.h3.MainActivity) -> <init>
    void onCheckedChanged(android.widget.RadioGroup,int) -> onCheckedChanged
com.example.h3.MainActivity$15 -> com.example.h3.t:
    com.example.h3.MainActivity this$0 -> a
    void <init>(com.example.h3.MainActivity) -> <init>
    void onCheckedChanged(android.widget.RadioGroup,int) -> onCheckedChanged
com.example.h3.MainActivity$16 -> com.example.h3.u:
    com.example.h3.MainActivity this$0 -> a
    void <init>(com.example.h3.MainActivity) -> <init>
    void onCheckedChanged(android.widget.RadioGroup,int) -> onCheckedChanged
com.example.h3.MainActivity$17 -> com.example.h3.v:
    com.example.h3.MainActivity this$0 -> a
    void <init>(com.example.h3.MainActivity) -> <init>
    void onClick(android.content.DialogInterface,int) -> onClick
com.example.h3.MainActivity$18 -> com.example.h3.w:
    com.example.h3.MainActivity this$0 -> a
    void <init>(com.example.h3.MainActivity) -> <init>
    void onClick(android.content.DialogInterface,int) -> onClick
com.example.h3.MainActivity$19 -> com.example.h3.x:
    com.example.h3.MainActivity this$0 -> a
    void <init>(com.example.h3.MainActivity) -> <init>
    void onClick(android.content.DialogInterface,int) -> onClick
com.example.h3.MainActivity$2 -> com.example.h3.y:
    com.example.h3.MainActivity this$0 -> a
    void <init>(com.example.h3.MainActivity) -> <init>
    void onClick(android.view.View) -> onClick
com.example.h3.MainActivity$20 -> com.example.h3.z:
    com.example.h3.MainActivity this$0 -> a
    void <init>(com.example.h3.MainActivity) -> <init>
    void onClick(android.content.DialogInterface,int) -> onClick
com.example.h3.MainActivity$21 -> com.example.h3.aa:
    com.example.h3.MainActivity this$0 -> a
    com.example.h3.Contacts val$cs -> b
    void <init>(com.example.h3.MainActivity,com.example.h3.Contacts) -> <init>
    void onClick(android.content.DialogInterface,int) -> onClick
com.example.h3.MainActivity$22 -> com.example.h3.ab:
    com.example.h3.MainActivity this$0 -> a
    com.example.h3.Contacts val$cs -> b
    void <init>(com.example.h3.MainActivity,com.example.h3.Contacts) -> <init>
    void onClick(android.content.DialogInterface,int) -> onClick
com.example.h3.MainActivity$23 -> com.example.h3.ac:
    com.example.h3.MainActivity this$0 -> a
    void <init>(com.example.h3.MainActivity) -> <init>
    void onClick(android.content.DialogInterface,int) -> onClick
com.example.h3.MainActivity$3 -> com.example.h3.ad:
    com.example.h3.MainActivity this$0 -> a
    void <init>(com.example.h3.MainActivity) -> <init>
    void onClick(android.view.View) -> onClick
com.example.h3.MainActivity$4 -> com.example.h3.ae:
    com.example.h3.MainActivity this$0 -> a
    void <init>(com.example.h3.MainActivity) -> <init>
    void onClick(android.view.View) -> onClick
com.example.h3.MainActivity$5 -> com.example.h3.af:
    com.example.h3.MainActivity this$0 -> a
    void <init>(com.example.h3.MainActivity) -> <init>
    void onClick(android.view.View) -> onClick
com.example.h3.MainActivity$7 -> com.example.h3.ag:
    com.example.h3.MainActivity this$0 -> a
    void <init>(com.example.h3.MainActivity) -> <init>
    void onCheckedChanged(android.widget.RadioGroup,int) -> onCheckedChanged