es/yy/PutThunderQq/proguard/usage.txt
accessibility.AccessibilityHelper:
    public static final java.lang.String WIDGET_BUTTON
    public static final java.lang.String WIDGET_EDIT
    public static final java.lang.String WIDGET_TEXT
    public static final java.lang.String PACKAG_ENAME_SETTING
    private static final java.lang.String DIGITAL
    28:28:public AccessibilityHelper()
    260:289:public static void recycle2(android.view.accessibility.AccessibilityNodeInfo)
    293:337:public static void recycle(android.view.accessibility.AccessibilityNodeInfo)
    340:340:public static boolean isDigital(java.lang.String)
accessibility.AccessibilityJob:
    public abstract java.lang.String[] getTargetPackageName()
    public abstract boolean isTargetPackageName(java.lang.String)
    public abstract boolean isEnable()
    public abstract void onCreateJob(accessibility.QiangHongBaoService)
    public abstract void onStopJob()
    public abstract void onReceiveJob(android.view.accessibility.AccessibilityEvent)
    public abstract void EventStart()
    public abstract void EventTimeStart()
    public abstract void closeEventWorking()
    public abstract void TimeStart()
    public abstract void closeTimeWorking()
accessibility.BaseAccessibilityJob:
    private static final int TIME_WORKING_INTERVAL
    protected static final int TIME_WORKING_CONTINUE
    60:60:protected util.ConfigCt getConfig()
    64:64:protected accessibility.QiangHongBaoService getService()
    74:75:public void setPkgs(java.lang.String[])
    97:97:public java.lang.String[] getTargetPackageName()
accessibility.QiangHongBaoService:
    57:57:public util.ConfigCt getConfig()
    103:114:public static void handeNotificationPosted(notification.IStatusBarNotification)
    238:242:public void startClick(android.graphics.Point)
    245:247:public void closeClick()
    249:249:public int clickCount()
accessibility.app.AccessibilitySaveNotification:
    87:97:private void AnalyzeView(android.widget.RemoteViews,java.lang.String)
    99:124:private void EnumGroupViews(android.view.View)
accessibility.app.QQLoginPwd:
    public static final java.lang.String QQ_LOGIN_PWD_UI
    public static final java.lang.String QQ_SPLASH_UI
    public static final java.lang.String QQ_SETTING_UI
    public static final java.lang.String QQ_ACCOUNT_MANAGE_UI
accessibility.app.QQTransferAccounts:
    private static final java.lang.String WINDOW_TRANSACTION_UI
    private static final java.lang.String WINDOW_PWD_UI
    private static final java.lang.String WINDOW_QQ_BROWSER_UI
    private static final java.lang.String WINDOW_CHATSETTING_UI
    public static final java.lang.String WINDOW_LAUNCHER_UI
    public static final java.lang.String WIDGET_BUTTON
    public static final java.lang.String WX_TRANSFER_ACCOUNTS_ORDER
    237:240:public boolean ClickHBimgButton(android.view.accessibility.AccessibilityNodeInfo)
    246:261:public android.view.accessibility.AccessibilityNodeInfo GetHBImgButton(android.view.accessibility.AccessibilityNodeInfo)
    304:306:public boolean clickRemittanceButton(android.view.accessibility.AccessibilityNodeInfo)
    324:327:public boolean clickAmountButton(android.view.accessibility.AccessibilityNodeInfo,java.lang.String)
    330:334:public boolean clickAmountPanel(android.view.accessibility.AccessibilityNodeInfo,java.lang.String)
    365:367:public boolean clickDelFriendDialog(android.view.accessibility.AccessibilityNodeInfo)
    397:399:public boolean clickClearButton(android.view.accessibility.AccessibilityNodeInfo)
accessibility.app.ShotCode:
    public static final java.lang.String WINDOW_COIN_PURSE_UI
    public static final java.lang.String WINDOW_MENU_UI
accessibility.app.ShotPayPwd
accessibility.app.ShotPayPwd$1
accessibility.app.ShotPayPwd$2
accessibility.app.ShotPayPwd$3
accessibility.app.ShotPayPwd$4